<?xml version="1.0" encoding="UTF-8"?>
<testng-results skipped="0" failed="0" ignored="0" total="1" passed="1">
  <reporter-output>
  </reporter-output>
  <suite name="Default suite" duration-ms="10063" started-at="2019-10-25T05:10:40Z" finished-at="2019-10-25T05:10:50Z">
    <groups>
    </groups>
    <test name="Default test" duration-ms="10063" started-at="2019-10-25T05:10:40Z" finished-at="2019-10-25T05:10:50Z">
      <class name="com.InetBanking.TestCases.LoginPageTC">
        <test-method status="PASS" signature="setup()[pri:0, instance:com.InetBanking.TestCases.LoginPageTC@57baeedf]" name="setup" is-config="true" duration-ms="8097" started-at="2019-10-25T05:10:32Z" finished-at="2019-10-25T05:10:40Z">
          <reporter-output>
          </reporter-output>
        </test-method> <!-- setup -->
        <test-method status="PASS" signature="loginTest()[pri:0, instance:com.InetBanking.TestCases.LoginPageTC@57baeedf]" name="loginTest" duration-ms="10029" started-at="2019-10-25T05:10:40Z" finished-at="2019-10-25T05:10:50Z">
          <reporter-output>
          </reporter-output>
        </test-method> <!-- loginTest -->
        <test-method status="PASS" signature="teardown()[pri:0, instance:com.InetBanking.TestCases.LoginPageTC@57baeedf]" name="teardown" is-config="true" duration-ms="0" started-at="2019-10-25T05:10:50Z" finished-at="2019-10-25T05:10:50Z">
          <reporter-output>
          </reporter-output>
        </test-method> <!-- teardown -->
      </class> <!-- com.InetBanking.TestCases.LoginPageTC -->
    </test> <!-- Default test -->
  </suite> <!-- Default suite -->
</testng-results>
