<?xml version="1.0" encoding="UTF-8"?>
<!-- Generated by org.testng.reporters.JUnitXMLReporter -->
<testsuite hostname="Akshay" ignored="0" name="Test" tests="1" failures="1" timestamp="24 Oct 2019 18:27:28 GMT" time="1.568" errors="0">
  <testcase name="loginpagetc" time="0.149" classname="com.InetBanking.TestCases.LoginPageTC">
    <failure type="java.lang.NullPointerException">
      <![CDATA[java.lang.NullPointerException
at com.InetBanking.TestCases.LoginPageTC.loginpagetc(LoginPageTC.java:22)
... Removed 25 stack frames]]>
    </failure>
  </testcase> <!-- loginpagetc -->
</testsuite> <!-- Test -->
